<?xml version="1.0" encoding="UTF-8"?>
<!-- Generated by org.testng.reporters.JUnitReportReporter -->
<testsuite hostname="Siddhant" failures="0" tests="3" name="TestNg.HelperAttribute_InvocationCount" time="27.157" errors="0" timestamp="2025-06-07T10:12:11 IST" skipped="0">
  <testcase classname="TestNg.HelperAttribute_InvocationCount" name="login" time="4.072"/>
  <testcase classname="TestNg.HelperAttribute_InvocationCount" name="login" time="20.139"/>
  <testcase classname="TestNg.HelperAttribute_InvocationCount" name="login" time="2.946"/>
</testsuite> <!-- TestNg.HelperAttribute_InvocationCount -->
