<?xml version="1.0" encoding="UTF-8"?>
<!-- Generated by org.testng.reporters.JUnitReportReporter -->
<testsuite hostname="Siddhant" failures="0" tests="6" name="TestNg.HelperAttribute_ThreadpoolSize" time="61.021" errors="0" timestamp="2025-06-07T10:42:35 IST" skipped="0">
  <testcase classname="TestNg.HelperAttribute_ThreadpoolSize" name="login" time="10.400"/>
  <testcase classname="TestNg.HelperAttribute_ThreadpoolSize" name="login" time="10.115"/>
  <testcase classname="TestNg.HelperAttribute_ThreadpoolSize" name="login" time="10.378"/>
  <testcase classname="TestNg.HelperAttribute_ThreadpoolSize" name="login" time="9.728"/>
  <testcase classname="TestNg.HelperAttribute_ThreadpoolSize" name="login" time="10.955"/>
  <testcase classname="TestNg.HelperAttribute_ThreadpoolSize" name="login" time="9.445"/>
</testsuite> <!-- TestNg.HelperAttribute_ThreadpoolSize -->
