<?xml version="1.0" encoding="UTF-8"?>
<!-- Generated by org.testng.reporters.JUnitReportReporter -->
<testsuite hostname="Siddhant" failures="0" tests="1" name="BaseClassImplementataion.CreateCampaignByBaseClass" time="8.445" errors="0" timestamp="2025-06-28T08:26:25 IST" skipped="0">
  <testcase classname="BaseClassImplementataion.CreateCampaignByBaseClass" name="CreateCampaignBC" time="8.445">
    <system-out>
      <![CDATA[===========CreateCampaignBC=======STARTED======
===========CreateCampaignBC=======SUCCESS======]]>
    </system-out>
  </testcase> <!-- CreateCampaignBC -->
  <system-out>
    <![CDATA[EstablisH DB connectvity
Report Configuration
Pre conditions
before class
===========CreateCampaignBC=======STARTED======
===========CreateCampaignBC=======SUCCESS======
in after method
in after class
Post-conditions
==================fINISHED======
disconnect DB connectvity]]>
  </system-out>
</testsuite> <!-- BaseClassImplementataion.CreateCampaignByBaseClass -->
