<?xml version="1.0" encoding="UTF-8"?>
<!-- Generated by org.testng.reporters.JUnitReportReporter -->
<testsuite hostname="Siddhant" failures="0" tests="5" name="TestNg.HelperAttribute_Priority" time="0.023" errors="0" timestamp="2025-06-07T09:44:25 IST" skipped="0">
  <testcase classname="TestNg.HelperAttribute_Priority" name="Ajio" time="0.011">
    <system-out>
      <![CDATA[Ajio executed]]>
    </system-out>
  </testcase> <!-- Ajio -->
  <testcase classname="TestNg.HelperAttribute_Priority" name="Myntra" time="0.003">
    <system-out>
      <![CDATA[Myntra executed]]>
    </system-out>
  </testcase> <!-- Myntra -->
  <testcase classname="TestNg.HelperAttribute_Priority" name="Meshoo" time="0.005">
    <system-out>
      <![CDATA[Meshoo executed]]>
    </system-out>
  </testcase> <!-- Meshoo -->
  <testcase classname="TestNg.HelperAttribute_Priority" name="Amazon" time="0.003">
    <system-out>
      <![CDATA[Amazon executed]]>
    </system-out>
  </testcase> <!-- Amazon -->
  <testcase classname="TestNg.HelperAttribute_Priority" name="Flipkart" time="0.001">
    <system-out>
      <![CDATA[Flipkart executed]]>
    </system-out>
  </testcase> <!-- Flipkart -->
  <system-out>
    <![CDATA[Ajio executed
Myntra executed
Meshoo executed
Amazon executed
Flipkart executed]]>
  </system-out>
</testsuite> <!-- TestNg.HelperAttribute_Priority -->
