<?xml version="1.0" encoding="UTF-8"?>
<!-- Generated by org.testng.reporters.JUnitReportReporter -->
<testsuite hostname="Siddhant" failures="0" tests="5" name="TestNg.HelperAttribute_Enabled" time="0.015" errors="0" timestamp="2025-06-07T23:06:06 IST" skipped="3">
  <testcase classname="TestNg.HelperAttribute_Enabled" name="Myntra" time="0.013">
    <system-out>
      <![CDATA[Myntra executed]]>
    </system-out>
  </testcase> <!-- Myntra -->
  <testcase classname="TestNg.HelperAttribute_Enabled" name="Flipkart" time="0.002">
    <system-out>
      <![CDATA[Flipkart executed]]>
    </system-out>
  </testcase> <!-- Flipkart -->
  <testcase classname="TestNg.HelperAttribute_Enabled" name="Ajio">
    <skipped/>
  </testcase> <!-- Ajio -->
  <testcase classname="TestNg.HelperAttribute_Enabled" name="Meshoo">
    <skipped/>
  </testcase> <!-- Meshoo -->
  <testcase classname="TestNg.HelperAttribute_Enabled" name="Amazon">
    <skipped/>
  </testcase> <!-- Amazon -->
  <system-out>
    <![CDATA[Myntra executed
Flipkart executed]]>
  </system-out>
</testsuite> <!-- TestNg.HelperAttribute_Enabled -->
