<?xml version="1.0" encoding="UTF-8"?>
<!-- Generated by org.testng.reporters.JUnitReportReporter -->
<testsuite hostname="Siddhant" failures="0" tests="5" name="TestNg.ToReadDataFromDataProvider" time="0.021" errors="0" timestamp="2025-06-08T09:46:46 IST" skipped="0">
  <testcase classname="TestNg.ToReadDataFromDataProvider" name="studentDetails" time="0.004"/>
  <testcase classname="TestNg.ToReadDataFromDataProvider" name="studentDetails" time="0.003"/>
  <testcase classname="TestNg.ToReadDataFromDataProvider" name="studentDetails" time="0.010"/>
  <testcase classname="TestNg.ToReadDataFromDataProvider" name="studentDetails" time="0.002"/>
  <testcase classname="TestNg.ToReadDataFromDataProvider" name="studentDetails" time="0.002"/>
</testsuite> <!-- TestNg.ToReadDataFromDataProvider -->
